Data Set psAtwaterC02-HH2:

      Process Times on Resources
Prod  M1     M2     M3     M4     M5     M6     M7     M8     M9     M10    M11    M12    M13    Di        CMi       
P1    0.78   0.726  0      1.057  0      0      0      0      1.175  1.8    1.44   0      0      190       20        
P2    0.78   0.726  0      0      2      0      0      1.875  1.175  1.8    1.44   0      0      240       60        
P3    0.78   0.726  0      1.057  0      1.4    0      0      1.175  0      2      2      0      220       20        
P4    0.78   0.726  0      1.057  0      0      1.775  0      1.175  3      2      0      0      300       40        
P5    0.78   1.089  0      1.057  0      0      0      0      1.175  0      0      1.157  1.45   290       55        
P6    0.78   0.726  0      0      2      0      1.775  0      1.175  0      0      1.157  1.45   200       70        
P7    0.78   1.089  0      0      0      0      1.775  1.875  0      0      0      1.157  1.45   260       35        
P8    0.78   1.089  2.667  1.057  0      1.4    1.775  1.875  1.175  0      0      1.157  1.45   250       25        
P9    0.78   1.089  2.667  1.057  2      2.8    0      1.875  0      3      0      1.157  1.45   210       20        
P10   0.78   1.089  2.667  1.057  2      1.4    1.775  0      1.175  0      1.44   1.157  1.45   310       50        

Capa   2040   2040   2040   2040   2040   2040   2040   2040   2040   2040   2040   2040   2040   
Crit  0.47   0.942  0.365  0.342  0.293  0.129  0.638  0.204  0.729  0.58   0.46   0.587  0.562  

End of Data Set
---------------

Final MPS of Fredendall and Lea (1997):

              Left Capacity on Resources
Prod   Qty    M7        M9        M10       M2        M13       M12       M11       M3        Throughput     
P6     200    1685      1805      2040      1894.8    1750      1808.6    2040      2040      14000          
P10    310    1134.75   1440.75   2040      1557.21   1300.5    1449.93   1593.6    1213.23   15500          
P4     300    602.25    1088.25   1140      1339.41   1300.5    1449.93   993.6     1213.23   12000          
P7     260    140.75    1088.25   1140      1056.27   923.5     1149.11   993.6     1213.23   9100           
P8     79     0.525009  995.425   1140      970.239   808.95    1057.71   993.6     1002.54   1975           
P2     240    0.525009  713.425   708       795.999   808.95    1057.71   648       1002.54   14400          
P5     290    0.525009  372.675   708       480.189   388.45    722.177   648       1002.54   15950          
P1     190    0.525009  149.425   366       342.249   388.45    722.177   374.4     1002.54   3800           
P3     127    0.525009  0.200012  366       250.047   388.45    468.177   120.4     1002.54   2540           
P9     122    0.525009  0.200012  0         117.189   211.55    327.023   120.4     677.163   2440           

Total Throughput: 91705

End of the MPS Table of Fredendall and Lea (1997)
-------------------------------------------------

Final MPS of Sobreiro and Nagano (2012):

              Left Capacity on Resources
Prod   Qty    M9        M7        M10       M2        M13       M12       M11       M3        Throughput     
P10    248    1748.6    1599.8    2040      1769.93   1680.4    1753.06   1682.88   1378.58   12400          
P8     250    1454.85   1156.05   2040      1497.68   1317.9    1463.81   1682.88   711.834   6250           
P9     210    1454.85   1156.05   1410      1268.99   1013.4    1220.84   1682.88   151.764   4200           
P6     200    1219.85   801.05    1410      1123.79   723.4     989.444   1682.88   151.764   14000          
P2     240    937.85    801.05    978       949.548   723.4     989.444   1337.28   151.764   14400          
P5     290    597.1     801.05    978       633.738   302.9     653.914   1337.28   151.764   15950          
P4     300    244.6     268.55    78        415.938   302.9     653.914   737.28    151.764   12000          
P7     151    244.6     0.525055  78        251.499   83.95     479.207   737.28    151.764   5285           
P1     43     194.075   0.525055  0.599998  220.281   83.95     479.207   675.36    151.764   860            
P3     165    0.199997  0.525055  0.599998  100.491   83.95     149.207   345.36    151.764   3300           

Total Throughput: 88645

End of the MPS Table of Sobreiro and Nagano (2012)
-------------------------------------------------

Final MPS of COLOMAPS Algorithm:

              Left Capacity on Resources
Prod   Qty    M2        M9        M7        M10       M13       M12       M11       M3        Throughput     
P6     200    1894.8    1805      1685      2040      1750      1808.6    2040      2040      14000          
P2     240    1720.56   1523      1685      1608      1750      1808.6    1694.4    2040      14400          
P4     300    1502.76   1170.5    1152.5    708       1750      1808.6    1094.4    2040      12000          
P5     290    1186.95   829.75    1152.5    708       1329.5    1473.07   1094.4    2040      15950          
P10    310    849.36    465.5     602.25    708       880       1114.4    648       1213.23   15500          
P7     260    566.22    465.5     140.75    708       503       813.58    648       1213.23   9100           
P1     190    428.28    242.25    140.75    366       503       813.58    374.4     1213.23   3800           
P3     187    292.518   22.525    140.75    366       503       439.58    0.399994  1213.23   3740           
P8     19     271.827   0.200026  107.025   366       475.45    417.597   0.399994  1162.56   475            
P9     122    138.969   0.200026  107.025   0         298.55    276.443   0.399994  837.183   2440           

Total Throughput: 91405

End of the MPS Table of COLOMAPS Algorithm
-------------------------------------------------