Data Set psAtwaterC02-LL3:

      Process Times on Resources
Prod  M1     M2     M3     M4     M5     M6     M7     M8     M9     M10    M11    M12    M13    Di        CMi       
P1    0.78   0      0      0      0      0      0      0      0      1.8    1.44   0      0      190       20        
P2    0.78   0      0      0      2      0      0      1.875  0      1.8    1.44   0      0      240       60        
P3    0.78   0      0      0      0      1.4    0      0      0      0      1.44   1.157  0      220       20        
P4    0.78   0      0      0      0      0      1.775  0      0      0      1.44   0      0      300       40        
P5    0.78   0      0      0      0      0      0      0      0      0      0      1.157  0      290       55        
P6    0.78   0      0      0      2      0      1.775  0      0      0      0      0      0      200       70        
P7    0.78   0      0      0      0      0      1.775  1.875  0      0      0      0      0      260       35        
P8    0.78   0      4      1.057  0      0      1.775  0      1.175  0      0      0      0      170       25        
P9    0.78   1.089  2.667  1.057  2      0      0      0      0      0      0      0      1.45   210       20        
P10   0.78   1.089  2.667  0      3      0      1.775  0      1.175  0      3      0      1.45   310       50        

Capa   2040   2040   2040   2040   2040   2040   2040   2040   2040   2040   2040   2040   500    
Crit  0.781  0.247  0.468  0.117  0.56   0.05   0.592  0.214  0.146  0.184  0.609  0.151  0.6    

End of Data Set
---------------

Final MPS of Fredendall and Lea (1997):

              Left Capacity on Resources
Prod   Qty    M13       M11       M5        M7        M3        Throughput     
P10    223    176.65    1371      1371      1644.18   1445.26   11150          
P9     121    1.2       1371      1129      1644.18   1122.55   2420           
P6     200    1.2       1371      729       1289.18   1122.55   14000          
P2     240    1.2       1025.4    249       1289.18   1122.55   14400          
P5     290    1.2       1025.4    249       1289.18   1122.55   15950          
P4     300    1.2       593.4     249       756.677   1122.55   12000          
P7     260    1.2       593.4     249       295.174   1122.55   9100           
P8     166    1.2       593.4     249       0.525009  458.552   4150           
P1     190    1.2       319.8     249       0.525009  458.552   3800           
P3     220    1.2       2.99998   249       0.525009  458.552   4400           

Total Throughput: 91370

End of the MPS Table of Fredendall and Lea (1997)
-------------------------------------------------

Final MPS of Sobreiro and Nagano (2012):

              Left Capacity on Resources
Prod   Qty    M11       M13       M5        M7        M3        Throughput     
P10    248    1296      140.4     1296      1599.8    1378.58   12400          
P9     96     1296      1.19998   1104      1599.8    1122.55   1920           
P8     170    1296      1.19998   1104      1298.05   442.552   4250           
P6     200    1296      1.19998   704       943.05    442.552   14000          
P2     240    950.4     1.19998   224       943.05    442.552   14400          
P5     290    950.4     1.19998   224       943.05    442.552   15950          
P4     300    518.4     1.19998   224       410.55    442.552   12000          
P7     231    518.4     1.19998   224       0.525055  442.552   8085           
P1     190    244.8     1.19998   224       0.525055  442.552   3800           
P3     170    1.52588e-0051.19998   224       0.525055  442.552   3400           

Total Throughput: 90205

End of the MPS Table of Sobreiro and Nagano (2012)
-------------------------------------------------

Final MPS of COLOMAPS Algorithm:

              Left Capacity on Resources
Prod   Qty    M1        M11       M13       M5        M7        M3        Throughput     
P6     200    1884      2040      500       1640      1685      2040      14000          
P2     240    1696.8    1694.4    500       1160      1685      2040      14400          
P5     290    1470.6    1694.4    500       1160      1685      2040      15950          
P10    310    1228.8    764.4     50.5      230       1134.75   1213.23   15500          
P4     300    994.8     332.4     50.5      230       602.25    1213.23   12000          
P7     260    792       332.4     50.5      230       140.75    1213.23   9100           
P8     79     730.38    332.4     50.5      230       0.525009  897.23    1975           
P1     190    582.18    58.8      50.5      230       0.525009  897.23    3800           
P3     40     550.98    1.19999   50.5      230       0.525009  897.23    800            
P9     34     524.46    1.19999   1.2       162       0.525009  806.552   680            

Total Throughput: 88205

End of the MPS Table of COLOMAPS Algorithm
-------------------------------------------------