Data Set psAtwaterC02-HL2:

      Process Times on Resources
Prod  M1     M2     M3     M4     M5     M6     M7     M8     M9     M10    M11    M12    M13    Di        CMi       
P1    0.78   0.726  0      1.057  0      0      0      0      1.175  1.8    1.44   0      0      190       20        
P2    0.78   0.726  0      0      2      0      0      1.875  1.175  1.8    1.44   0      0      300       60        
P3    0.78   0.726  0      1.057  0      1.4    0      0      1.175  0      1.44   1.157  0      220       20        
P4    0.78   0.726  0      1.057  0      0      1.775  0      1.175  1.8    1.44   0      0      300       40        
P5    0.78   1.089  0      1.057  0      0      0      0      1.175  0      0      1.157  1.45   290       55        
P6    0.78   0.726  0      0      3      0      1.775  0      1.175  0      0      1.157  1.45   200       70        
P7    0.78   1.089  0      0      0      0      1.775  1.875  0      0      0      1.157  1.45   260       35        
P8    0.78   1.089  2.667  1.057  0      1.4    1.775  1.875  1.175  0      0      1.157  1.45   250       25        
P9    0.78   1.089  2.667  1.057  2      2.8    0      1.875  0      1.8    0      1.157  1.45   210       20        
P10   0.78   1.089  2.667  1.057  2      1.4    1.775  0      1.175  0      1.44   1.157  1      310       50        

Capa   2040   2040   2040   2040   2040   2040   2040   2040   2040   2040   2040   2040   2040   
Crit  0.484  0.929  0.338  0.329  0.5    0.129  0.591  0.271  0.729  0.195  0.292  0.425  0.431  

End of Data Set
---------------

Final MPS of Fredendall and Lea (1997):

              Left Capacity on Resources
Prod   Qty    M7        M9        M2        M5        M13       M3        Throughput     
P6     200    1685      1805      1894.8    1440      1750      2040      14000          
P10    310    1134.75   1440.75   1557.21   820       1440      1213.23   15500          
P4     300    602.25    1088.25   1339.41   820       1440      1213.23   12000          
P7     260    140.75    1088.25   1056.27   820       1063      1213.23   9100           
P8     79     0.525009  995.425   970.239   820       948.45    1002.54   1975           
P2     300    0.525009  642.925   752.439   220       948.45    1002.54   18000          
P5     290    0.525009  302.175   436.629   220       527.95    1002.54   15950          
P1     190    0.525009  78.925    298.689   220       527.95    1002.54   3800           
P3     67     0.525009  0.200005  250.047   220       527.95    1002.54   1340           
P9     110    0.525009  0.200005  130.257   0         368.45    709.167   2200           

Total Throughput: 93865

End of the MPS Table of Fredendall and Lea (1997)
-------------------------------------------------

Final MPS of Sobreiro and Nagano (2012):

              Left Capacity on Resources
Prod   Qty    M9        M7        M2        M5        M13       M3        Throughput     
P6     200    1805      1685      1894.8    1440      1750      2040      14000          
P10    248    1513.6    1244.8    1624.73   944       1502      1378.58   12400          
P2     300    1161.1    1244.8    1406.93   344       1502      1378.58   18000          
P5     290    820.35    1244.8    1091.12   344       1081.5    1378.58   15950          
P4     300    467.85    712.3     873.318   344       1081.5    1378.58   12000          
P8     225    203.475   312.925   628.293   344       755.25    778.509   5625           
P7     176    203.475   0.525055  436.629   344       500.05    778.509   6160           
P9     172    203.475   0.525055  249.321   0         250.65    319.785   3440           
P1     173    0.199982  0.525055  123.723   0         250.65    319.785   3460           
P3     0      0.199982  0.525055  123.723   0         250.65    319.785   0              

Total Throughput: 91035

End of the MPS Table of Sobreiro and Nagano (2012)
-------------------------------------------------

Final MPS of COLOMAPS Algorithm:

              Left Capacity on Resources
Prod   Qty    M2        M9        M7        M5        M13       M3        Throughput     
P6     200    1894.8    1805      1685      1440      1750      2040      14000          
P2     300    1677      1452.5    1685      840       1750      2040      18000          
P4     300    1459.2    1100      1152.5    840       1750      2040      12000          
P5     290    1143.39   759.25    1152.5    840       1329.5    2040      15950          
P10    310    805.8     395       602.25    220       1019.5    1213.23   15500          
P7     260    522.66    395       140.75    220       642.5     1213.23   9100           
P1     190    384.72    171.75    140.75    220       642.5     1213.23   3800           
P3     146    278.724   0.200027  140.75    220       642.5     1213.23   2920           
P8     0      278.724   0.200027  140.75    220       642.5     1213.23   0              
P9     110    158.934   0.200027  140.75    0         483       919.86    2200           

Total Throughput: 93470

End of the MPS Table of COLOMAPS Algorithm
-------------------------------------------------