Data Set psAtwaterC02-LH2:

      Process Times on Resources
Prod  M1     M2     M3     M4     M5     M6     M7     M8     M9     M10    M11    M12    M13    Di        CMi       
P1    0      0.726  0      1.057  0      0      0      0      0      1.8    2      0      0      190       20        
P2    0      0.726  0      0      0      0      0      1.875  0      1.8    1.44   0      0      240       60        
P3    0      0.726  0      0      0      0      0      0      3      0      1.44   0      0      300       20        
P4    0      0.726  0      0      0      0      1.775  0      0      3      1.44   0      0      300       40        
P5    0      1.089  0      1.057  0      0      0      0      0      0      0      1.157  0      290       55        
P6    0      0.726  0      0      2      0      2      0      0      0      0      1.157  0      200       70        
P7    0      1.089  0      0      0      0      1.775  4      0      0      0      0      0      260       35        
P8    0      1.089  4      0      0      0      1.775  1.875  0      0      0      0      0      200       25        
P9    0      1.089  2.667  0      0      5      0      1.875  0      1.8    0      0      1.45   210       20        
P10   0.78   1.089  2.667  0      0      4      1.775  0      4      0      1.44   3      1.45   310       50        

Capa   2040   2040   2040   250    2040   2040   2040   2040   2040   2040   2040   2040   500    
Crit  0.029  0.761  0.335  0.557  0.049  0.32   0.407  0.373  0.301  0.346  0.373  0.247  0.421  

End of Data Set
---------------

Final MPS of Fredendall and Lea (1997):

              Left Capacity on Resources
Prod   Qty    M13       M7        M4        M6        M2        M8        M3        M9        M10       Throughput     
P10    285    86.75     1534.13   250       900       1729.63   2040      1279.9    900       2040      14250          
P9     59     1.2       1534.13   250       605       1665.38   1929.38   1122.55   900       1933.8    1180           
P6     200    1.2       1134.13   250       605       1520.18   1929.38   1122.55   900       1933.8    14000          
P2     240    1.2       1134.13   250       605       1345.94   1479.38   1122.55   900       1501.8    14400          
P5     236    1.2       1134.13   0.547989  605       1088.94   1479.38   1122.55   900       1501.8    12980          
P4     300    1.2       601.626   0.547989  605       871.14    1479.38   1122.55   900       601.8     12000          
P7     260    1.2       140.125   0.547989  605       588       439.375   1122.55   900       601.8     9100           
P8     78     1.2       1.675     0.547989  605       503.058   293.125   810.552   900       601.8     1950           
P1     0      1.2       1.675     0.547989  605       503.058   293.125   810.552   900       601.8     0              
P3     300    1.2       1.675     0.547989  605       285.258   293.125   810.552   0         601.8     6000           

Total Throughput: 85860

End of the MPS Table of Fredendall and Lea (1997)
-------------------------------------------------

Final MPS of Sobreiro and Nagano (2012):

              Left Capacity on Resources
Prod   Qty    M7        M4        M13       M6        M2        M8        M3        M9        M10       Throughput     
P10    310    1489.75   250       50.5      800       1702.41   2040      1213.23   800       2040      15500          
P2     240    1489.75   250       50.5      800       1528.17   1590      1213.23   800       1608      14400          
P6     200    1089.75   250       50.5      800       1382.97   1590      1213.23   800       1608      14000          
P5     236    1089.75   0.547989  50.5      800       1125.97   1590      1213.23   800       1608      12980          
P4     300    557.25    0.547989  50.5      800       908.166   1590      1213.23   800       708       12000          
P9     34     557.25    0.547989  1.2       630       871.14    1526.25   1122.55   800       646.8     680            
P7     260    95.75     0.547989  1.2       630       588       486.25    1122.55   800       646.8     9100           
P1     0      95.75     0.547989  1.2       630       588       486.25    1122.55   800       646.8     0              
P8     53     1.675     0.547989  1.2       630       530.283   386.875   910.552   800       646.8     1325           
P3     266    1.675     0.547989  1.2       630       337.167   386.875   910.552   2         646.8     5320           

Total Throughput: 85305

End of the MPS Table of Sobreiro and Nagano (2012)
-------------------------------------------------

Final MPS of COLOMAPS Algorithm:

              Left Capacity on Resources
Prod   Qty    M2        M7        M4        M13       M6        M8        M3        M9        M10       Throughput     
P6     200    1894.8    1640      250       500       2040      2040      2040      2040      2040      14000          
P2     240    1720.56   1640      250       500       2040      1590      2040      2040      1608      14400          
P4     300    1502.76   1107.5    250       500       2040      1590      2040      2040      708       12000          
P5     236    1245.76   1107.5    0.547989  500       2040      1590      2040      2040      708       12980          
P10    310    908.166   557.25    0.547989  50.5      800       1590      1213.23   800       708       15500          
P7     260    625.026   95.75     0.547989  50.5      800       550       1213.23   800       708       9100           
P1     0      625.026   95.75     0.547989  50.5      800       550       1213.23   800       708       0              
P3     266    431.91    95.75     0.547989  50.5      800       550       1213.23   2         708       5320           
P8     53     374.193   1.675     0.547989  50.5      800       450.625   1001.23   2         708       1325           
P9     34     337.167   1.675     0.547989  1.2       630       386.875   910.552   2         646.8     680            

Total Throughput: 85305

End of the MPS Table of COLOMAPS Algorithm
-------------------------------------------------