Data Set psAtwaterC02-LH3:

      Process Times on Resources
Prod  M1     M2     M3     M4     M5     M6     M7     M8     M9     M10    M11    M12    M13    Di        CMi       
P1    0.78   0      0      1.057  0      0      0      0      0      1.8    2      0      0      190       20        
P2    0.78   0      0      0      2      0      0      1.875  0      1.8    2      0      0      240       60        
P3    0      0      0      1.057  0      1.4    0      0      0      0      2      0      0      220       20        
P4    0      0      0      0      0      0      1.775  0      0      3      1.44   0      0      300       40        
P5    0      0      0      0      0      0      0      0      0      0      0      0      1.45   800       55        
P6    0      0      0      0      4      0      1.775  0      0      0      0      0      1.45   800       70        
P7    0      0      0      0      0      0      1.775  2      0      0      0      0      0      260       35        
P8    0      0      0      0      0      1.4    1.775  3      1.175  0      0      0      0      170       25        
P9    0      1.089  0      0      2      2.8    0      3      0      1.8    0      1.157  0      210       20        
P10   0      1.089  2.667  0      2      1.4    1.775  0      1.175  0      1.44   1.157  0      310       50        

Capa   2040   2040   500    2040   2040   1500   2040   2040   2040   2040   2040   2040   2040   
Crit  0.2    0.426  0.446  0.211  0.95   0.655  0.834  0.602  0.226  0.596  0.71   0.23   0.426  

End of Data Set
---------------

Final MPS of Fredendall and Lea (1997):

              Left Capacity on Resources
Prod   Qty    M3        M5        M7        M13       M11       M8        M6        M10       Throughput     
P10    187    1.271     1666      1708.07   2040      1770.72   2040      1238.2    2040      9350           
P6     416    1.271     2         969.675   1436.8    1770.72   2040      1238.2    2040      29120          
P2     1      1.271     0         969.675   1436.8    1768.72   2038.13   1238.2    2038.2    60             
P5     800    1.271     0         969.675   276.8     1768.72   2038.13   1238.2    2038.2    44000          
P4     300    1.271     0         437.175   276.8     1336.72   2038.13   1238.2    1138.2    12000          
P7     246    1.271     0         0.524994  276.8     1336.72   1546.13   1238.2    1138.2    8610           
P8     0      1.271     0         0.524994  276.8     1336.72   1546.13   1238.2    1138.2    0              
P9     0      1.271     0         0.524994  276.8     1336.72   1546.13   1238.2    1138.2    0              
P1     190    1.271     0         0.524994  276.8     956.72    1546.13   1238.2    796.2     3800           
P3     220    1.271     0         0.524994  276.8     516.72    1546.13   930.2     796.2     4400           

Total Throughput: 111340

End of the MPS Table of Fredendall and Lea (1997)
-------------------------------------------------

Final MPS of Sobreiro and Nagano (2012):

              Left Capacity on Resources
Prod   Qty    M5        M7        M3        M13       M11       M8        M6        M10       Throughput     
P10    187    1666      1708.07   1.271     2040      1770.72   2040      1238.2    2040      9350           
P2     239    1188      1708.07   1.271     2040      1292.72   1591.88   1238.2    1609.8    14340          
P6     297    0         1180.9    1.271     1609.35   1292.72   1591.88   1238.2    1609.8    20790          
P4     300    0         648.4     1.271     1609.35   860.72    1591.88   1238.2    709.8     12000          
P8     170    0         346.65    1.271     1609.35   860.72    1081.88   1000.2    709.8     4250           
P5     800    0         346.65    1.271     449.35    860.72    1081.88   1000.2    709.8     44000          
P7     195    0         0.524902  1.271     449.35    860.72    691.875   1000.2    709.8     6825           
P9     0      0         0.524902  1.271     449.35    860.72    691.875   1000.2    709.8     0              
P3     220    0         0.524902  1.271     449.35    420.72    691.875   692.2     709.8     4400           
P1     190    0         0.524902  1.271     449.35    40.72     691.875   692.2     367.8     3800           

Total Throughput: 119755

End of the MPS Table of Sobreiro and Nagano (2012)
-------------------------------------------------

Final MPS of COLOMAPS Algorithm:

              Left Capacity on Resources
Prod   Qty    M5        M7        M3        M13       M11       M8        M6        M10       Throughput     
P2     240    1560      2040      500       2040      1560      1590      1500      1608      14400          
P10    187    1186      1708.07   1.271     2040      1290.72   1590      1238.2    1608      9350           
P6     296    2         1182.68   1.271     1610.8    1290.72   1590      1238.2    1608      20720          
P9     1      0         1182.68   1.271     1610.8    1290.72   1587      1235.4    1606.2    20             
P5     800    0         1182.68   1.271     450.8     1290.72   1587      1235.4    1606.2    44000          
P4     300    0         650.175   1.271     450.8     858.72    1587      1235.4    706.2     12000          
P7     260    0         188.675   1.271     450.8     858.72    1067      1235.4    706.2     9100           
P8     106    0         0.525055  1.271     450.8     858.72    749       1087      706.2     2650           
P1     190    0         0.525055  1.271     450.8     478.72    749       1087      364.2     3800           
P3     220    0         0.525055  1.271     450.8     38.72     749       779       364.2     4400           

Total Throughput: 120440

End of the MPS Table of COLOMAPS Algorithm
-------------------------------------------------