Data Set psAtwaterC02-LH1:

      Process Times on Resources
Prod  M1     M2     M3     M4     M5     M6     M7     M8     M9     M10    M11    M12    M13    Di        CMi       
P1    0.78   0.726  0      1.057  0      0      0      0      1.175  1.8    0      0      0      190       20        
P2    0.78   0.726  0      0      0      0      0      1.875  1.175  1.8    1.44   0      0      240       60        
P3    0.78   0.726  0      1.057  0      0      0      0      1.175  0      1.44   1.157  0      220       20        
P4    0.78   0.726  0      1.057  0      0      0      0      1.175  0      0      0      0      300       40        
P5    1      1.089  0      2      0      0      0      0      1.175  0      0      1.157  1.45   290       55        
P6    1      0.726  0      0      0      0      0      0      1.175  0      0      1.157  1.45   200       70        
P7    1      1.089  0      0      0      0      1.775  0      0      0      0      3      1.45   260       35        
P8    1      1.089  2.667  1.057  0      0      0      0      1.175  0      0      1.157  1.45   170       25        
P9    1      1.089  0      1.057  2      2.8    0      1.875  0      0      0      1.157  1.45   210       20        
P10   0.78   1.089  2.667  1.057  3      1.4    1.775  0      1.175  0      0      1.157  1.45   310       50        

Capa   2040   2040   2040   2040   1000   2040   2040   2040   2040   2040   2040   2040   2040   
Crit  0.632  0.864  0.205  0.534  0.564  0.157  0.141  0.1    0.61   0.084  0.057  0.615  0.512  

End of Data Set
---------------

Final MPS of Fredendall and Lea (1997):

              Left Capacity on Resources
Prod   Qty    M5        M12       M9        M2        M1        M13       M4        Throughput     
P10    310    70        1681.33   1675.75   1702.41   1798.2    1590.5    1712.33   15500          
P9     35     0         1640.84   1675.75   1664.3    1763.2    1539.75   1675.33   700            
P6     200    0         1409.44   1440.75   1519.1    1563.2    1249.75   1675.33   14000          
P2     240    0         1409.44   1158.75   1344.86   1376      1249.75   1675.33   14400          
P5     290    0         1073.91   818       1029.05   1086      829.25    1095.33   15950          
P4     300    0         1073.91   465.5     811.245   852       829.25    778.235   12000          
P7     260    0         293.905   465.5     528.105   592       452.25    778.235   9100           
P8     170    0         97.215    265.75    342.975   422       205.75    598.545   4250           
P3     84     0         0.0270462 167.05    281.991   356.48    205.75    509.757   1680           
P1     142    0         0.0270462 0.200012  178.899   245.72    205.75    359.663   2840           

Total Throughput: 90420

End of the MPS Table of Fredendall and Lea (1997)
-------------------------------------------------

Final MPS of Sobreiro and Nagano (2012):

              Left Capacity on Resources
Prod   Qty    M12       M5        M9        M2        M1        M13       M4        Throughput     
P6     200    1808.6    1000      1805      1894.8    1840      1750      2040      14000          
P5     290    1473.07   1000      1464.25   1578.99   1550      1329.5    1460      15950          
P10    279    1150.27   163       1136.43   1275.16   1332.38   924.95    1165.1    13950          
P8     170    953.577   163       936.675   1090.03   1162.38   678.45    985.407   4250           
P9     81     859.86    1         936.675   1001.82   1081.38   561       899.79    1620           
P3     220    605.32    1         678.175   842.1     909.78    561       667.25    4400           
P7     201    2.32001   1         678.175   623.211   708.78    269.55    667.25    7035           
P2     240    2.32001   1         396.175   448.971   521.58    269.55    667.25    14400          
P4     300    2.32001   1         43.675    231.171   287.58    269.55    350.15    12000          
P1     37     2.32001   1         0.20005   204.309   258.72    269.55    311.041   740            

Total Throughput: 88345

End of the MPS Table of Sobreiro and Nagano (2012)
-------------------------------------------------

Final MPS of COLOMAPS Algorithm:

              Left Capacity on Resources
Prod   Qty    M2        M12       M5        M9        M1        M13       M4        Throughput     
P6     200    1894.8    1808.6    1000      1805      1840      1750      2040      14000          
P2     240    1720.56   1808.6    1000      1523      1652.8    1750      2040      14400          
P4     300    1502.76   1808.6    1000      1170.5    1418.8    1750      1722.9    12000          
P5     290    1186.95   1473.07   1000      829.75    1128.8    1329.5    1142.9    15950          
P10    310    849.36    1114.4    70        465.5     887       880       815.23    15500          
P7     260    566.22    334.4     70        465.5     627       503       815.23    9100           
P1     190    428.28    334.4     70        242.25    478.8     503       614.4     3800           
P3     206    278.724   96.0579   70        0.200027  318.12    503       396.658   4120           
P8     0      278.724   96.0579   70        0.200027  318.12    503       396.658   0              
P9     35     240.609   55.5629   0         0.200027  283.12    452.25    359.663   700            

Total Throughput: 89570

End of the MPS Table of COLOMAPS Algorithm
-------------------------------------------------