Data Set psAtwaterC02-HL1:

      Process Times on Resources
Prod  M1     M2     M3     M4     M5     M6     M7     M8     M9     M10    M11    M12    M13    Di        CMi       
P1    0.78   0.726  0      1.057  0      0      0      0      1.175  1.8    1.44   0      0      190       20        
P2    0.78   0.726  0      0      2      0      0      1.875  1.175  1.8    1.44   0      0      240       60        
P3    0.78   0.726  0      1.057  0      1.4    0      0      1.175  0      1.44   1.157  0      220       20        
P4    0.78   0.726  0      1.057  0      0      1.775  0      1.175  1.8    1.44   0      0      300       40        
P5    0.78   1.089  0      1.057  0      0      0      0      1.175  0      0      1.157  1.45   290       55        
P6    0.78   0.726  0      0      2      0      1.775  0      1.175  0      0      1.157  1.45   200       70        
P7    0.78   1.089  0      0      0      0      1.775  1.875  0      0      0      1.157  1.45   260       35        
P8    0.78   1.089  2.667  1.057  0      1.4    1.775  1.875  1.175  0      0      1.157  1.45   170       25        
P9    0.78   1.089  2.667  1.057  2      2.8    0      1.875  0      1.8    0      1.157  1.45   210       20        
P10   0.78   1.089  2.667  1.057  2      1.4    1.775  0      1.175  0      1.44   1.157  1.45   310       50        

Capa   2040   2040   2040   2040   2040   2040   2040   2040   2040   2040   2040   2040   2040   
Crit  0.501  0.949  0.284  0.359  0.37   0.129  0.603  0.174  0.729  0.204  0.322  0.456  0.549  

End of Data Set
---------------

Final MPS of Fredendall and Lea (1997):

              Left Capacity on Resources
Prod   Qty    M7        M9        M2        M13       Throughput     
P6     200    1685      1805      1894.8    1750      14000          
P10    310    1134.75   1440.75   1557.21   1300.5    15500          
P4     300    602.25    1088.25   1339.41   1300.5    12000          
P7     260    140.75    1088.25   1056.27   923.5     9100           
P8     79     0.525009  995.425   970.239   808.95    1975           
P2     240    0.525009  713.425   795.999   808.95    14400          
P5     290    0.525009  372.675   480.189   388.45    15950          
P1     190    0.525009  149.425   342.249   388.45    3800           
P3     127    0.525009  0.200012  250.047   388.45    2540           
P9     210    0.525009  0.200012  21.357    83.95     4200           

Total Throughput: 93465

End of the MPS Table of Fredendall and Lea (1997)
-------------------------------------------------

Final MPS of Sobreiro and Nagano (2012):

              Left Capacity on Resources
Prod   Qty    M9        M7        M2        M13       Throughput     
P6     200    1805      1685      1894.8    1750      14000          
P10    310    1440.75   1134.75   1557.21   1300.5    15500          
P5     290    1100      1134.75   1241.4    880       15950          
P2     240    818       1134.75   1067.16   880       14400          
P4     300    465.5     602.25    849.36    880       12000          
P7     260    465.5     140.75    566.22    503       9100           
P8     79     372.675   0.525009  480.189   388.45    1975           
P1     190    149.425   0.525009  342.249   388.45    3800           
P3     127    0.200012  0.525009  250.047   388.45    2540           
P9     210    0.200012  0.525009  21.3572   83.95     4200           

Total Throughput: 93465

End of the MPS Table of Sobreiro and Nagano (2012)
-------------------------------------------------

Final MPS of COLOMAPS Algorithm:

              Left Capacity on Resources
Prod   Qty    M2        M9        M7        M13       Throughput     
P6     200    1894.8    1805      1685      1750      14000          
P2     240    1720.56   1523      1685      1750      14400          
P4     300    1502.76   1170.5    1152.5    1750      12000          
P5     290    1186.95   829.75    1152.5    1329.5    15950          
P10    310    849.36    465.5     602.25    880       15500          
P7     260    566.22    465.5     140.75    503       9100           
P1     97     495.799   351.524   140.75    503       1940           
P3     220    336.079   93.0251   140.75    503       4400           
P8     79     250.048   0.200027  0.524965  388.449   1975           
P9     210    21.357    0.200027  0.524965  83.9502   4200           

Total Throughput: 93465

End of the MPS Table of COLOMAPS Algorithm
-------------------------------------------------