Data Set psAtwaterC02-HH3:

      Process Times on Resources
Prod  M1     M2     M3     M4     M5     M6     M7     M8     M9     M10    M11    M12    M13    Di        CMi       
P1    0.78   0.726  0      1.057  0      0      0      0      1.175  1.8    1.44   0      0      190       20        
P2    0.78   0.726  0      0      2      0      0      1.875  1.175  1.8    1.44   0      0      240       60        
P3    0.78   0.726  0      1.057  0      1.4    0      0      1.175  0      1.44   2      0      220       20        
P4    0.78   0.726  0      1.057  0      0      1.775  0      1.175  1.8    1.44   0      0      300       40        
P5    1      1.089  0      1.057  0      0      0      0      1.175  0      0      1.157  1.45   290       55        
P6    1      0.726  0      0      2      0      1.775  0      1.175  0      0      1.157  1.45   200       70        
P7    1      1.089  0      0      0      0      1.775  1.875  0      0      0      1.157  1.45   260       35        
P8    0.78   1.089  2.667  1.057  0      1.4    1.775  1.875  1.175  0      0      1.157  1.45   170       25        
P9    0.78   1.089  2.667  1.057  2      2.8    0      1.875  0      1.8    0      1.157  1.45   210       20        
P10   0.78   1.089  2.667  1.057  2      1.4    1.775  0      1.175  0      1.44   1.157  1.45   400       50        

Capa   2040   2040   2040   2040   2040   2040   2040   2040   2040   2040   2040   2040   2040   
Crit  0.601  0.945  0.388  0.363  0.43   0.159  0.642  0.114  0.729  0.144  0.349  0.604  0.571  

End of Data Set
---------------

Final MPS of Fredendall and Lea (1997):

              Left Capacity on Resources
Prod   Qty    M7        M9        M2        M13       M12       M5        M1        M3        Throughput     
P6     200    1685      1805      1894.8    1750      1808.6    1640      1840      2040      14000          
P10    400    975       1335      1459.2    1170      1345.8    840       1528      973.2     20000          
P4     289    462.025   995.425   1249.39   1170      1345.8    840       1302.58   973.2     11560          
P7     260    0.524994  995.425   966.246   793       1044.98   840       1042.58   973.2     9100           
P8     0      0.524994  995.425   966.246   793       1044.98   840       1042.58   973.2     0              
P2     240    0.524994  713.425   792.006   793       1044.98   360       855.38    973.2     14400          
P5     290    0.524994  372.675   476.196   372.5     709.45    360       565.38    973.2     15950          
P1     190    0.524994  149.425   338.256   372.5     709.45    360       417.18    973.2     3800           
P3     127    0.524994  0.200027  246.054   372.5     455.45    360       318.12    973.2     2540           
P9     180    0.524994  0.200027  50.034    111.5     247.19    0         177.72    493.14    3600           

Total Throughput: 94950

End of the MPS Table of Fredendall and Lea (1997)
-------------------------------------------------

Final MPS of Sobreiro and Nagano (2012):

              Left Capacity on Resources
Prod   Qty    M9        M7        M2        M13       M12       M5        M1        M3        Throughput     
P6     200    1805      1685      1894.8    1750      1808.6    1640      1840      2040      14000          
P10    320    1429      1117      1546.32   1286      1438.36   1000      1590.4    1186.56   16000          
P2     240    1147      1117      1372.08   1286      1438.36   520       1403.2    1186.56   14400          
P5     290    806.25    1117      1056.27   865.5     1102.83   520       1113.2    1186.56   15950          
P4     300    453.75    584.5     838.47    865.5     1102.83   520       879.2     1186.56   12000          
P7     260    453.75    123       555.33    488.5     802.01    520       619.2     1186.56   9100           
P8     69     372.675   0.525002  480.189   388.45    722.177   520       565.38    1002.54   1725           
P9     210    372.675   0.525002  251.499   83.95     479.207   100       401.58    442.467   4200           
P3     198    140.025   0.525002  107.751   83.95     83.207    100       247.14    442.467   3960           
P1     119    0.199997  0.525002  21.3571   83.95     83.207    100       154.32    442.467   2380           

Total Throughput: 93715

End of the MPS Table of Sobreiro and Nagano (2012)
-------------------------------------------------

Final MPS of COLOMAPS Algorithm:

              Left Capacity on Resources
Prod   Qty    M2        M9        M7        M13       M12       M5        M1        M3        Throughput     
P6     200    1894.8    1805      1685      1750      1808.6    1640      1840      2040      14000          
P2     240    1720.56   1523      1685      1750      1808.6    1160      1652.8    2040      14400          
P4     300    1502.76   1170.5    1152.5    1750      1808.6    1160      1418.8    2040      12000          
P5     290    1186.95   829.75    1152.5    1329.5    1473.07   1160      1128.8    2040      15950          
P10    400    751.35    359.75    442.5     749.5     1010.27   360       816.8     973.2     20000          
P7     249    480.189   359.75    0.524994  388.45    722.177   360       567.8     973.2     8715           
P1     190    342.249   136.5     0.524994  388.45    722.177   360       419.6     973.2     3800           
P3     116    258.033   0.200058  0.524994  388.45    490.177   360       329.12    973.2     2320           
P8     0      258.033   0.200058  0.524994  388.45    490.177   360       329.12    973.2     0              
P9     180    62.013    0.200058  0.524994  127.45    281.917   0         188.72    493.14    3600           

Total Throughput: 94785

End of the MPS Table of COLOMAPS Algorithm
-------------------------------------------------