Data Set psAtwaterC02-HH1:

      Process Times on Resources
Prod  M1     M2     M3     M4     M5     M6     M7     M8     M9     M10    M11    M12    M13    Di        CMi       
P1    0.78   0.726  0      1.057  0      0      0      0      1.175  1.8    1.44   0      0      190       20        
P2    0.78   0.726  0      0      2      0      0      1.875  1.175  1.8    1.44   0      0      240       60        
P3    0.78   0.726  0      1.057  0      1.4    0      0      1.175  0      1.44   1.157  0      220       20        
P4    0.78   0.726  0      1.057  0      0      1.775  0      1.175  1.8    2      0      0      300       40        
P5    0.78   1.089  0      1.057  0      0      0      0      1.175  0      0      1.157  1.45   290       55        
P6    0.78   0.726  0      0      2      0      1.775  0      1.175  0      0      1.157  1.45   300       70        
P7    0.78   1.089  0      0      0      0      1.775  1.875  0      0      0      1.157  1.45   260       35        
P8    0.78   1.089  3      1.057  0      1.4    1.775  1.875  1.175  0      0      1.157  1.45   170       25        
P9    0.78   1.089  3      1.057  2      2.8    0      1.875  0      1.8    0      1.157  1.45   210       20        
P10   0.78   1.089  3      1.057  2      1.4    1.775  0      1.175  0      1.44   1.157  1.45   310       50        

Capa   2040   2040   2040   2040   1800   2040   2040   2040   2040   2040   2040   2040   2040   
Crit  0.501  0.913  0.392  0.331  0.614  0.129  0.628  0.163  0.711  0.189  0.506  0.481  0.57   

End of Data Set
---------------

Final MPS of Fredendall and Lea (1997):

              Left Capacity on Resources
Prod   Qty    M5        M7        M9        M2        M13       M3        Throughput     
P6     300    1200      1507.5    1687.5    1822.2    1605      2040      21000          
P2     240    720       1507.5    1405.5    1647.96   1605      2040      14400          
P10    289    142       994.526   1065.93   1333.24   1185.95   1173      14450          
P9     71     0         994.526   1065.93   1255.92   1083      960       1420           
P5     290    0         994.526   725.175   940.11    662.5     960       15950          
P4     300    0         462.025   372.675   722.31    662.5     960       12000          
P7     260    0         0.524994  372.675   439.17    285.5     960       9100           
P8     0      0         0.524994  372.675   439.17    285.5     960       0              
P1     190    0         0.524994  149.425   301.23    285.5     960       3800           
P3     127    0         0.524994  0.20002   209.028   285.5     960       2540           

Total Throughput: 94660

End of the MPS Table of Fredendall and Lea (1997)
-------------------------------------------------

Final MPS of Sobreiro and Nagano (2012):

              Left Capacity on Resources
Prod   Qty    M7        M9        M5        M2        M13       M3        Throughput     
P6     300    1507.5    1687.5    1200      1822.2    1605      2040      21000          
P10    279    1012.28   1359.68   642       1518.37   1200.45   1203      13950          
P4     300    479.775   1007.18   642       1300.57   1200.45   1203      12000          
P7     260    18.275    1007.18   642       1017.43   823.45    1203      9100           
P8     10     0.525024  995.425   642       1006.54   808.95    1173      250            
P2     240    0.525024  713.425   162       832.299   808.95    1173      14400          
P5     290    0.525024  372.675   162       516.489   388.45    1173      15950          
P9     81     0.525024  372.675   0         428.28    271       930       1620           
P1     171    0.525024  171.75    0         304.134   271       930       3420           
P3     146    0.525024  0.200073  0         198.138   271       930       2920           

Total Throughput: 94610

End of the MPS Table of Sobreiro and Nagano (2012)
-------------------------------------------------

Final MPS of COLOMAPS Algorithm:

              Left Capacity on Resources
Prod   Qty    M2        M7        M9        M5        M13       M3        Throughput     
P6     300    1822.2    1507.5    1687.5    1200      1605      2040      21000          
P2     240    1647.96   1507.5    1405.5    720       1605      2040      14400          
P4     300    1430.16   975       1053      720       1605      2040      12000          
P5     290    1114.35   975       712.25    720       1184.5    2040      15950          
P10    310    776.76    424.75    348       100       735       1110      15500          
P7     239    516.489   0.524994  348       100       388.45    1110      8365           
P1     190    378.549   0.524994  124.75    100       388.45    1110      3800           
P3     106    301.593   0.524994  0.20002   100       388.45    1110      2120           
P8     0      301.593   0.524994  0.20002   100       388.45    1110      0              
P9     50     247.143   0.524994  0.20002   0         315.95    960       1000           

Total Throughput: 94135

End of the MPS Table of COLOMAPS Algorithm
-------------------------------------------------