Data Set psCaseStudy-LH2:

      Process Times on Resources
Prod  1      2      3      4      5      6      7      8      9      10     11     12     13     14     15     16     Di        CMi       
A     1      0      0      1      1.5    0      0      0      0      0      0      0      0      0      0      0      1000      1500      
B     0.5    0      1      1      2.3    1      0.5    0      0      0.5    3      0      0      0      0      0      2500      2200      
C     0.5    0      0      0.5    0      2.6    2      0      0.5    0      0      4.75   9      2      1      0.6    2500      3000      
D     1      2      0      0.5    2      0      0.75   2      0      0      0      0      1      0      0      0      1500      1700      
E     0.5    0      0      2      1      1      1      0      0      0      0      0      0      0      0      0      2000      2800      

Capa   4750   13550  5390   8950   13520  9500   7150   13670  5950   2110   12500  11520  19700  4800   2400   1440   
Crit  0.822  0.068  0.178  0.887  0.758  0.712  0.75   0.067  0.063  0.236  0.24   0.529  0.614  0.44   0.44   0.471  

End of Data Set
---------------

Final MPS of Fredendall and Lea (1997):

              Left Capacity on Resources
Prod   Qty    1         13        7         6         4         12        14        15        16        Throughput     
C      1708   3896      4328      3734      5059.25   8096      3407      1384      692       415.203   5.124e+006     
E      2000   2896      4328      1734      3059.24   4096      3407      1384      692       415.203   5.6e+006       
B      2500   1646      4328      484       559.201   1596      3407      1384      692       415.203   5.5e+006       
D      645    1001      3683      0.25      559.201   1273.5    3407      1384      692       415.203   1.0965e+006    
A      1000   1         3683      0.25      559.201   273.5     3407      1384      692       415.203   1.5e+006       

Total Throughput: 1.88205e+007

End of the MPS Table of Fredendall and Lea (1997)
-------------------------------------------------

Final MPS of Sobreiro and Nagano (2012):

              Left Capacity on Resources
Prod   Qty    13        7         6         1         4         12        14        15        16        Throughput     
C      2188   8         2774      3811.2    3656      7856      1127      424       212       127.2     6.564e+006     
E      1737   8         1037      2074.2    2787.5    4382      1127      424       212       127.2     4.8636e+006    
B      2074   8         0         0.200195  1750.5    2308      1127      424       212       127.2     4.5628e+006    
D      0      8         0         0.200195  1750.5    2308      1127      424       212       127.2     0              
A      1000   8         0         0.200195  750.5     1308      1127      424       212       127.2     1.5e+006       

Total Throughput: 1.74904e+007

End of the MPS Table of Sobreiro and Nagano (2012)
-------------------------------------------------

Final MPS of COLOMAPS Algorithm:

              Left Capacity on Resources
Prod   Qty    4         13        7         6         1         12        14        15        16        Throughput     
C      1707   8096.5    4337      3736      5061.85   3896.5    3411.75   1386      693       415.803   5.121e+006     
D      646    7773.5    3691      3251.5    5061.85   3250.5    3411.75   1386      693       415.803   1.0982e+006    
B      2500   5273.5    3691      2001.5    2561.81   2000.5    3411.75   1386      693       415.803   5.5e+006       
A      1000   4273.5    3691      2001.5    2561.81   1000.5    3411.75   1386      693       415.803   1.5e+006       
E      2000   273.5     3691      1.5       561.802   0.5       3411.75   1386      693       415.803   5.6e+006       

Total Throughput: 1.88192e+007

End of the MPS Table of COLOMAPS Algorithm
-------------------------------------------------