Data Set psCaseStudy-HL1:

      Process Times on Resources
Prod  1      2      3      4      5      6      7      8      9      10     11     12     13     14     15     16     Di        CMi       
A     1      0.9    1.5    1      1.5    0      1      0.5    0      0      0      0      0      0      0      0      1500      1500      
B     0.5    0      1      1      2.3    1      0.5    0      0.5    0.5    3      0      0      0      0      0      2500      2200      
C     0.5    0      0      0.5    0      2.6    2      0      0.5    0      0      4.75   9      2      1      0.6    2000      3000      
D     1      2      0      0.5    2      0      0.75   2      0      0      0      0      1      0      0      0      1500      1700      
E     0.5    0      0      2      1      1      1      0      0      0      0      0      0      0      0      0      1500      2800      

Capa   4750   13550  5390   8950   13520  9500   7150   13670  5950   2110   12500  11520  19700  4800   2400   1440   
Crit  0.821  0.179  0.449  0.839  0.782  0.616  0.813  0.125  0.175  0.216  0.22   0.422  0.501  0.332  0.332  0.363  

End of Data Set
---------------

Final MPS of Fredendall and Lea (1997):

              Left Capacity on Resources
Prod   Qty    7         1         Throughput     
B      2500   5900      3500      5.5e+006       
E      1500   4400      2750      4.2e+006       
D      1500   3275      1250      2.55e+006      
C      1637   1         431.5     4.911e+006     
A      1      0         430.5     1500           

Total Throughput: 1.71625e+007

End of the MPS Table of Fredendall and Lea (1997)
-------------------------------------------------

Final MPS of Sobreiro and Nagano (2012):

              Left Capacity on Resources
Prod   Qty    7         1         Throughput     
B      2500   5900      3500      5.5e+006       
E      1500   4400      2750      4.2e+006       
D      1500   3275      1250      2.55e+006      
C      1637   1         431.5     4.911e+006     
A      1      0         430.5     1500           

Total Throughput: 1.71625e+007

End of the MPS Table of Sobreiro and Nagano (2012)
-------------------------------------------------

Final MPS of COLOMAPS Algorithm:

              Left Capacity on Resources
Prod   Qty    4         7         1         Throughput     
C      1350   8275      4450      4075      4.05e+006      
D      1500   7525      3325      2575      2.55e+006      
B      2500   5025      2075      1325      5.5e+006       
A      575    4450      1500      750       862500         
E      1500   1450      0         0         4.2e+006       

Total Throughput: 1.71625e+007

End of the MPS Table of COLOMAPS Algorithm
-------------------------------------------------