Data Set psCaseStudy-HH2:

      Process Times on Resources
Prod  1      2      3      4      5      6      7      8      9      10     11     12     13     14     15     16     Di        CMi       
A     0      0      0      0      0      0      0      0      0      0      0      0      0      0      0      0      0         1500      
B     0.5    0      1      1      2.3    1      0.5    0      0.5    0.5    3      0      0      0      0      0      3500      2200      
C     0.5    0      0      0.5    0      2.6    2      0      0.5    0      0      4.75   9      2      1      0.6    3000      3000      
D     1      2      0      0.5    2      0      0.75   2      0      0      0      0      1      0      0      0      1500      1700      
E     0.5    0      0      2      1      1      1      0      0      0      0      0      0      0      0      0      1500      2800      

Capa   4750   13550  5390   8950   13520  9500   8500   13670  5950   2110   12500  11520  19700  4800   2400   1440   
Crit  0.69   0.078  0.252  0.809  0.712  0.806  0.716  0.077  0.287  0.325  0.33   0.607  0.692  0.497  0.497  0.535  

End of Data Set
---------------

Final MPS of Fredendall and Lea (1997):

              Left Capacity on Resources
Prod   Qty    6         13        12        7         14        1         15        16        Throughput     
E      1500   8000      19700     11520     7000      4800      4000      2400      1440      4.2e+006       
B      3499   4501      19700     11520     5250.5    4800      2250.5    2400      1440      7.6978e+006    
C      1731   0.4       4121      3297.75   1788.5    1338      1385      669       401.4     5.193e+006     
D      1385   0.4       2736      3297.75   749.75    1338      0         669       401.4     2.3545e+006    
A      0      0.4       2736      3297.75   749.75    1338      0         669       401.4     0              

Total Throughput: 1.94453e+007

End of the MPS Table of Fredendall and Lea (1997)
-------------------------------------------------

Final MPS of Sobreiro and Nagano (2012):

              Left Capacity on Resources
Prod   Qty    13        6         12        7         14        1         15        16        Throughput     
C      2188   8         3811.2    1127      4124      424       3656      212       127.2     6.564e+006     
E      1500   8         2311.2    1127      2624      424       2906      212       127.2     4.2e+006       
B      2311   8         0.200195  1127      1468.5    424       1750.5    212       127.2     5.0842e+006    
D      8      0         0.200195  1127      1462.5    424       1742.5    212       127.2     13600          
A      0      0         0.200195  1127      1462.5    424       1742.5    212       127.2     0              

Total Throughput: 1.58618e+007

End of the MPS Table of Sobreiro and Nagano (2012)
-------------------------------------------------

Final MPS of COLOMAPS Algorithm:

              Left Capacity on Resources
Prod   Qty    4         13        6         12        7         14        1         15        16        Throughput     
C      2022   7939      1502      4242.82   1915.5    4456      756       3739      378       226.801   6.066e+006     
D      1500   7189      2         4242.82   1915.5    3331      756       2239      378       226.801   2.55e+006      
B      3500   3689      2         742.799   1915.5    1581      756       489       378       226.801   7.7e+006       
E      311    3067      2         431.801   1915.5    1270      756       333.5     378       226.801   870800         
A      0      3067      2         431.801   1915.5    1270      756       333.5     378       226.801   0              

Total Throughput: 1.71868e+007

End of the MPS Table of COLOMAPS Algorithm
-------------------------------------------------