Data Set psCaseStudy-HL3:

      Process Times on Resources
Prod  1      2      3      4      5      6      7      8      9      10     11     12     13     14     15     16     Di        CMi       
A     1      0      0      1      0      0      0      0      0      0      0      0      0      0      0      0      1500      1500      
B     0.5    0      1      1      2.3    1      0.5    0      2      0.5    3      0      0      0      0      0      2500      2200      
C     0.5    0      0      0.5    0      2.6    2      0      2      0      0      4.75   9      2      1      0.6    2000      3000      
D     1      2      0      1      2      0      0.75   2      0      0      0      0      1      0      0      0      1500      1700      
E     0.5    0      0      2      1      1.5    1      0      0      0      0      0      0      0      0      0      1500      2800      

Capa   4750   13550  5390   8950   13520  9500   7150   13670  5950   2110   12500  11520  19700  4800   2400   1440   
Crit  0.615  0.067  0.161  0.761  0.575  0.62   0.608  0.067  0.633  0.211  0.214  0.401  0.465  0.304  0.304  0.337  

End of Data Set
---------------

Final MPS of Fredendall and Lea (1997):

              Left Capacity on Resources
Prod   Qty    1         9         7         4         6         Throughput     
C      2000   3750      1950      3150      7950      4300      6e+006         
E      1500   3000      1950      1650      4950      2050      4.2e+006       
B      975    2512.5    0         1162.5    3975      1075      2.145e+006     
D      1500   1012.5    0         37.5      2475      1075      2.55e+006      
A      1012   0.5       0         37.5      1463      1075      1.518e+006     

Total Throughput: 1.6413e+007

End of the MPS Table of Fredendall and Lea (1997)
-------------------------------------------------

Final MPS of Sobreiro and Nagano (2012):

              Left Capacity on Resources
Prod   Qty    9         1         7         4         6         Throughput     
C      2000   1950      3750      3150      7950      4300      6e+006         
B      975    0         3262.5    2662.5    6975      3325      2.145e+006     
E      1500   0         2512.5    1162.5    3975      1075      4.2e+006       
D      1500   0         1012.5    37.5      2475      1075      2.55e+006      
A      1012   0         0.5       37.5      1463      1075      1.518e+006     

Total Throughput: 1.6413e+007

End of the MPS Table of Sobreiro and Nagano (2012)
-------------------------------------------------

Final MPS of COLOMAPS Algorithm:

              Left Capacity on Resources
Prod   Qty    4         9         1         7         6         Throughput     
C      2000   7950      1950      3750      3150      4300      6e+006         
B      975    6975      0         3262.5    2662.5    3325      2.145e+006     
D      1500   5475      0         1762.5    1537.5    3325      2.55e+006      
A      1500   3975      0         262.5     1537.5    3325      2.25e+006      
E      525    2925      0         0         1012.5    2537.5    1.47e+006      

Total Throughput: 1.4415e+007

End of the MPS Table of COLOMAPS Algorithm
-------------------------------------------------