Data Set psCaseStudy-HH1:

      Process Times on Resources
Prod  1      2      3      4      5      6      7      8      9      10     11     12     13     14     15     16     Di        CMi       
A     1      0.9    1.5    1      1.5    0      1      0.5    0      0      0      0      0      0      0      0      3000      1500      
B     0.5    0      1      1      2.3    1      0.5    0      0.5    0.5    3      0      0      0      0      0      2500      2200      
C     0.5    0      0      0.5    0      2.6    2      0      0.5    0      0      4.75   9      2      1      0.6    2500      3000      
D     1      2      0      0.5    2      0      0.75   2      0      0      0      0      1      0      0      0      1500      1700      
E     0.5    0      0      2      1      1      1      0      0      0      0      0      0      0      0      0      1500      2800      

Capa   4750   13550  5390   8950   13520  9500   7150   13670  5950   2110   12500  11520  19700  4800   2400   1440   
Crit  0.833  0.191  0.52   0.817  0.755  0.573  0.813  0.125  0.159  0.161  0.164  0.42   0.49   0.33   0.33   0.361  

End of Data Set
---------------

Final MPS of Fredendall and Lea (1997):

              Left Capacity on Resources
Prod   Qty    7         13        1         3         4         5         6         12        14        15        16        Throughput     
B      2500   5900      19700     3500      2890      6450      7770      7000      11520     4800      2400      1440      5.5e+006       
E      1500   4400      19700     2750      2890      3450      6270      5500      11520     4800      2400      1440      4.2e+006       
D      1500   3275      18200     1250      2890      2700      3270      5500      11520     4800      2400      1440      2.55e+006      
C      1637   1         3467      431.5     2890      1881.5    3270      1243.8    3744.25   1526      763       457.8     4.911e+006     
A      1      0         3467      430.5     2888.5    1880.5    3268.5    1243.8    3744.25   1526      763       457.8     1500           

Total Throughput: 1.71625e+007

End of the MPS Table of Fredendall and Lea (1997)
-------------------------------------------------

Final MPS of Sobreiro and Nagano (2012):

              Left Capacity on Resources
Prod   Qty    7         13        1         3         4         5         6         12        14        15        16        Throughput     
B      2500   5900      19700     3500      2890      6450      7770      7000      11520     4800      2400      1440      5.5e+006       
E      1500   4400      19700     2750      2890      3450      6270      5500      11520     4800      2400      1440      4.2e+006       
D      1500   3275      18200     1250      2890      2700      3270      5500      11520     4800      2400      1440      2.55e+006      
C      1637   1         3467      431.5     2890      1881.5    3270      1243.8    3744.25   1526      763       457.8     4.911e+006     
A      1      0         3467      430.5     2888.5    1880.5    3268.5    1243.8    3744.25   1526      763       457.8     1500           

Total Throughput: 1.71625e+007

End of the MPS Table of Sobreiro and Nagano (2012)
-------------------------------------------------

Final MPS of COLOMAPS Algorithm:

              Left Capacity on Resources
Prod   Qty    1         7         13        3         4         5         6         12        14        15        16        Throughput     
C      2115   3692.5    2920      665       5390      7892.5    13520     4001.01   1473.75   570       285       171       6.345e+006     
E      1500   2942.5    1420      665       5390      4892.5    12020     2501.01   1473.75   570       285       171       4.2e+006       
B      2500   1692.5    170       665       2890      2392.5    6270.04   1.00019   1473.75   570       285       171       5.5e+006       
D      11     1681.5    161.75    654       2890      2387      6248.04   1.00019   1473.75   570       285       171       18700          
A      112    1569.5    49.75     654       2722      2275      6080.04   1.00019   1473.75   570       285       171       168000         

Total Throughput: 1.62317e+007

End of the MPS Table of COLOMAPS Algorithm
-------------------------------------------------