Data Set psCaseStudy-LH1:

      Process Times on Resources
Prod  1      2      3      4      5      6      7      8      9      10     11     12     13     14     15     16     Di        CMi       
A     1      0      0      1      1.5    0      1      0      0      0      0      0      0      0      0      0      1500      1500      
B     0.5    0      1      1      2.3    1      0.5    0      0      0.5    3      0      0      0      0      0      2500      2200      
C     0.5    0      0      0.5    0      2.6    2      0      0.5    0      0      4.75   9      2      1      0.6    2500      3000      
D     1      2      0      0.5    2      0      0.75   2      0      0      0      0      1      0      0      0      1500      1700      
E     0.5    0      0      2      1      1      1      0      0      0      0      0      0      0      0      0      3000      2800      

Capa   4750   13550  5390   8950   13520  9500   7150   13670  5950   2110   12500  11520  19700  4800   2400   1440   
Crit  0.779  0.066  0.15   0.89   0.753  0.644  0.813  0.066  0.063  0.194  0.197  0.439  0.504  0.349  0.349  0.38   

End of Data Set
---------------

Final MPS of Fredendall and Lea (1997):

              Left Capacity on Resources
Prod   Qty    4         7         13        6         1         5         12        14        15        16        Throughput     
C      1027   8436.5    5096      10457     6829.91   4236.5    13520     6641.75   2746      1373      823.791   3.081e+006     
D      1500   7686.5    3971      8957      6829.91   2736.5    10520     6641.75   2746      1373      823.791   2.55e+006      
B      2500   5186.5    2721      8957      4329.88   1486.5    4770      6641.75   2746      1373      823.791   5.5e+006       
A      252    4934.5    2469      8957      4329.88   1234.5    4392      6641.75   2746      1373      823.791   378000         
E      2467   0.5       2         8957      1862.8    1         1925      6641.75   2746      1373      823.791   6.9076e+006    

Total Throughput: 1.84166e+007

End of the MPS Table of Fredendall and Lea (1997)
-------------------------------------------------

Final MPS of Sobreiro and Nagano (2012):

              Left Capacity on Resources
Prod   Qty    7         13        4         6         1         5         12        14        15        16        Throughput     
C      2188   2774      8         7856      3811.2    3656      13520     1127      424       212       127.2     6.564e+006     
E      2160   614       8         3536      1651.2    2576      11360     1127      424       212       127.2     6.048e+006     
B      1228   0         8         2308      423.2     1962      8535.6    1127      424       212       127.2     2.7016e+006    
D      0      0         8         2308      423.2     1962      8535.6    1127      424       212       127.2     0              
A      0      0         8         2308      423.2     1962      8535.6    1127      424       212       127.2     0              

Total Throughput: 1.53136e+007

End of the MPS Table of Sobreiro and Nagano (2012)
-------------------------------------------------

Final MPS of COLOMAPS Algorithm:

              Left Capacity on Resources
Prod   Qty    4         7         13        6         1         5         12        14        15        16        Throughput     
C      1098   8401      4954      9818      6645.31   4201      13520     6304.5    2604      1302      781.193   3.294e+006     
D      8      8397      4948      9810      6645.31   4193      13504     6304.5    2604      1302      781.193   13600          
B      2500   5897      3698      9810      4145.27   2943      7754      6304.5    2604      1302      781.193   5.5e+006       
A      1499   4398      2199      9810      4145.27   1444      5505.5    6304.5    2604      1302      781.193   2.2485e+006    
E      2199   0         0         9810      1946.17   344.5     3306.5    6304.5    2604      1302      781.193   6.1572e+006    

Total Throughput: 1.72133e+007

End of the MPS Table of COLOMAPS Algorithm
-------------------------------------------------