Data Set psCaseStudy-HH3:

      Process Times on Resources
Prod  1      2      3      4      5      6      7      8      9      10     11     12     13     14     15     16     Di        CMi       
A     0      0      0      0      0      0      0      0      0      0      0      0      0      0      0      0      0         1500      
B     0.5    0      1      1      2.3    1      0.5    0      0.5    0.5    3      0      0      0      0      0      3500      2200      
C     0.5    0      0      0.5    0      2.6    2      0      0.5    0      0      4.75   9      2      1      0.6    3000      3000      
D     1      2      0      0.5    2      0      0.75   2      0      0      0      0      1      0      0      0      1500      1700      
E     0.5    0      0      2      1      1      1      0      0      0      0      0      0      0      0      0      2500      2800      

Capa   4750   13550  5390   8950   13520  9500   7150   13670  5950   2110   12500  11520  19700  4800   2400   1440   
Crit  0.688  0.078  0.234  0.858  0.708  0.796  0.808  0.077  0.273  0.299  0.303  0.563  0.64   0.453  0.453  0.491  

End of Data Set
---------------

Final MPS of Fredendall and Lea (1997):

              Left Capacity on Resources
Prod   Qty    7         13        6         12        4         1         14        15        16        5         Throughput     
B      3500   5400      19700     6000      11520     5450      3000      4800      2400      1440      5470      7.7e+006       
E      2037   3363      19700     3963      11520     1376      1981.5    4800      2400      1440      3433      5.7036e+006    
D      1404   2310      18296     3963      11520     674       577.5     4800      2400      1440      625       2.3868e+006    
C      1155   0         7901      959.945   6033.75   96.5      0         2490      1245      747.028   625       3.465e+006     
A      0      0         7901      959.945   6033.75   96.5      0         2490      1245      747.028   625       0              

Total Throughput: 1.92554e+007

End of the MPS Table of Fredendall and Lea (1997)
-------------------------------------------------

Final MPS of Sobreiro and Nagano (2012):

              Left Capacity on Resources
Prod   Qty    13        6         7         12        4         1         14        15        16        5         Throughput     
E      2000   19700     7500      5150      11520     4950      3750      4800      2400      1440      11520     5.6e+006       
B      3500   19700     4000      3400      11520     1450      2000      4800      2400      1440      3470      7.7e+006       
D      1500   18200     4000      2275      11520     700       500       4800      2400      1440      470       2.55e+006      
C      1000   9200      1400      275       6770      200       0         2800      1400      840       470       3e+006         
A      0      9200      1400      275       6770      200       0         2800      1400      840       470       0              

Total Throughput: 1.885e+007

End of the MPS Table of Sobreiro and Nagano (2012)
-------------------------------------------------

Final MPS of COLOMAPS Algorithm:

              Left Capacity on Resources
Prod   Qty    4         13        6         7         12        1         14        15        16        5         Throughput     
C      1142   8379      9422      6530.9    4866      6095.5    4179      2516      1258      754.794   13520     3.426e+006     
D      1350   7704      8072      6530.9    3853.5    6095.5    2829      2516      1258      754.794   10820     2.295e+006     
B      3500   4204      8072      3030.82   2103.5    6095.5    1079      2516      1258      754.794   2770      7.7e+006       
E      2102   0         8072      928.785   1.5       6095.5    28        2516      1258      754.794   668       5.8856e+006    
A      0      0         8072      928.785   1.5       6095.5    28        2516      1258      754.794   668       0              

Total Throughput: 1.93066e+007

End of the MPS Table of COLOMAPS Algorithm
-------------------------------------------------