Data Set psHsuC98-HL2:

      Process Times on Resources
Prod  A      B      C      D      E      F      G      Di        CMi       
R     20     5      10     0      5      5      20     70        80        
S     10     10     5      30     5      5      5      60        60        
T     10     5      10     15     20     5      10     50        50        
U     5      15     0      0      5      15     0      150       30        

Capa   2400   2400   2400   2400   2400   2400   2400   
Crit  0.961  0.7    0.218  0      0.571  0.494  0.255  

End of Data Set
---------------

Final MPS of Fredendall and Lea (1997):

              Left Capacity on Resources
Prod   Qty    D         B         A         F         E         Throughput     
T      32     1920      2240      2080      2240      1760      1600           
S      60     120       1640      1480      1940      1460      3600           
R      51     120       1385      460       1685      1205      4080           
U      92     120       5         0         305       745       2760           

Total Throughput: 12040

End of the MPS Table of Fredendall and Lea (1997)
-------------------------------------------------

Final MPS of Sobreiro and Nagano (2012):

              Left Capacity on Resources
Prod   Qty    B         A         F         D         E         Throughput     
R      65     2075      1100      2075      2400      2075      5200           
S      60     1475      500       1775      600       1775      3600           
U      98     5         10        305       600       1285      2940           
T      1      0         0         300       585       1265      50             

Total Throughput: 11790

End of the MPS Table of Sobreiro and Nagano (2012)
-------------------------------------------------

Final MPS of COLOMAPS Algorithm:

              Left Capacity on Resources
Prod   Qty    A         B         D         E         Throughput     
S      60     1800      1800      600       2100      3600           
U      96     1320      360       600       1620      2880           
T      2      1300      350       570       1580      100            
R      65     0         25        570       1255      5200           

Total Throughput: 11780
Dominated Bottlenecks: F, 

End of the MPS Table of COLOMAPS Algorithm
-------------------------------------------------